<?xml version="1.0" encoding="utf-8"?>
<coverage branch-rate="NaN" branches-covered="NaN" branches-valid="NaN" complexity="NaN"
          line-rate="0.91971"
          lines-covered="504"
          lines-valid="548"
          timestamp="1613560206.155"
          version="">
   <sources>
      <source>D:\GitHub\C_Code_Integration\MATLAB\Component\</source>
   </sources>
   <packages>
      <package branch-rate="NaN" complexity="NaN" line-rate="0.91971" name="">
         <classes>
            <class branch-rate="NaN" complexity="NaN" filename="ParkingMeterGUI.mlapp"
                   line-rate="0.91971"
                   name="ParkingMeterGUI">
               <methods>
                  <method branch-rate="NaN" line-rate="0.82301" name="TimerMain"
                          signature="TimerMain(app)">
                     <lines>
                        <line hits="1509" number="111"/>
                        <line hits="1509" number="113"/>
                        <line hits="1509" number="114"/>
                        <line hits="1509" number="115"/>
                        <line hits="1509" number="116"/>
                        <line hits="1509" number="117"/>
                        <line hits="1509" number="118"/>
                        <line hits="1509" number="120"/>
                        <line hits="1506" number="121"/>
                        <line hits="1506" number="122"/>
                        <line hits="3" number="123"/>
                        <line hits="3" number="124"/>
                        <line hits="3" number="125"/>
                        <line hits="3" number="127"/>
                        <line hits="1509" number="131"/>
                        <line hits="3" number="132"/>
                        <line hits="3" number="133"/>
                        <line hits="1509" number="136"/>
                        <line hits="3" number="137"/>
                        <line hits="3" number="138"/>
                        <line hits="1509" number="141"/>
                        <line hits="3" number="142"/>
                        <line hits="3" number="143"/>
                        <line hits="1509" number="146"/>
                        <line hits="10" number="148"/>
                        <line hits="1" number="149"/>
                        <line hits="1" number="151"/>
                        <line hits="1" number="153"/>
                        <line hits="1" number="154"/>
                        <line hits="1" number="155"/>
                        <line hits="1" number="157"/>
                        <line hits="14" number="158"/>
                        <line hits="14" number="159"/>
                        <line hits="14" number="160"/>
                        <line hits="1" number="161"/>
                        <line hits="10" number="166"/>
                        <line hits="8" number="167"/>
                        <line hits="8" number="168"/>
                        <line hits="8" number="169"/>
                        <line hits="8" number="170"/>
                        <line hits="8" number="171"/>
                        <line hits="8" number="172"/>
                        <line hits="2" number="173"/>
                        <line hits="2" number="174"/>
                        <line hits="2" number="175"/>
                        <line hits="2" number="176"/>
                        <line hits="2" number="177"/>
                        <line hits="2" number="178"/>
                        <line hits="2" number="179"/>
                        <line hits="10" number="182"/>
                        <line hits="3" number="184"/>
                        <line hits="6" number="185"/>
                        <line hits="6" number="186"/>
                        <line hits="3" number="187"/>
                        <line hits="3" number="188"/>
                        <line hits="3" number="191"/>
                        <line hits="3" number="193"/>
                        <line hits="0" number="194"/>
                        <line hits="0" number="195"/>
                        <line hits="3" number="198"/>
                        <line hits="1" number="199"/>
                        <line hits="1" number="200"/>
                        <line hits="3" number="203"/>
                        <line hits="1" number="204"/>
                        <line hits="1" number="205"/>
                        <line hits="3" number="208"/>
                        <line hits="1" number="209"/>
                        <line hits="1" number="210"/>
                        <line hits="3" number="212"/>
                        <line hits="3" number="213"/>
                        <line hits="3" number="214"/>
                        <line hits="3" number="215"/>
                        <line hits="3" number="216"/>
                        <line hits="3" number="220"/>
                        <line hits="3" number="221"/>
                        <line hits="3" number="222"/>
                        <line hits="10" number="226"/>
                        <line hits="10" number="228"/>
                        <line hits="10" number="229"/>
                        <line hits="10" number="230"/>
                        <line hits="10" number="231"/>
                        <line hits="1509" number="234"/>
                        <line hits="1509" number="236"/>
                        <line hits="1509" number="237"/>
                        <line hits="3" number="238"/>
                        <line hits="3" number="239"/>
                        <line hits="1" number="240"/>
                        <line hits="2" number="241"/>
                        <line hits="1" number="242"/>
                        <line hits="1" number="243"/>
                        <line hits="1" number="244"/>
                        <line hits="0" number="245"/>
                        <line hits="0" number="246"/>
                        <line hits="0" number="247"/>
                        <line hits="0" number="248"/>
                        <line hits="3" number="251"/>
                        <line hits="1509" number="255"/>
                        <line hits="0" number="256"/>
                        <line hits="0" number="257"/>
                        <line hits="0" number="258"/>
                        <line hits="0" number="259"/>
                        <line hits="0" number="260"/>
                        <line hits="0" number="262"/>
                        <line hits="0" number="263"/>
                        <line hits="0" number="264"/>
                        <line hits="0" number="265"/>
                        <line hits="0" number="268"/>
                        <line hits="0" number="269"/>
                        <line hits="0" number="270"/>
                        <line hits="0" number="271"/>
                        <line hits="0" number="274"/>
                        <line hits="1509" number="278"/>
                        <line hits="1509" number="279"/>
                     </lines>
                  </method>
                  <method branch-rate="NaN" line-rate="0.66667" name="StateButtonChange"
                          signature="StateButtonChange(app, bitMask, state)">
                     <lines>
                        <line hits="2" number="283"/>
                        <line hits="2" number="285"/>
                        <line hits="0" number="286"/>
                        <line hits="0" number="288"/>
                        <line hits="2" number="290"/>
                        <line hits="2" number="291"/>
                     </lines>
                  </method>
                  <method branch-rate="NaN" line-rate="1" name="InsertCoinEffect"
                          signature="InsertCoinEffect(app, coinId)">
                     <lines>
                        <line hits="1" number="297"/>
                        <line hits="1" number="298"/>
                        <line hits="1" number="300"/>
                        <line hits="1" number="301"/>
                        <line hits="1" number="302"/>
                        <line hits="1" number="305"/>
                        <line hits="1" number="306"/>
                     </lines>
                  </method>
                  <method branch-rate="NaN" line-rate="1" name="CashBoxReset"
                          signature="CashBoxReset(app)">
                     <lines>
                        <line hits="1" number="311"/>
                        <line hits="1" number="312"/>
                        <line hits="1" number="313"/>
                        <line hits="1" number="314"/>
                        <line hits="1" number="315"/>
                        <line hits="1" number="316"/>
                        <line hits="1" number="319"/>
                        <line hits="1" number="320"/>
                     </lines>
                  </method>
                  <method branch-rate="NaN" line-rate="0.75" name="DecodeDisplaysRegisters"
                          signature="DecodeDisplaysRegisters(app, registersValues)">
                     <lines>
                        <line hits="3" number="325"/>
                        <line hits="3" number="326"/>
                        <line hits="3" number="327"/>
                        <line hits="3" number="328"/>
                        <line hits="3" number="330"/>
                        <line hits="9" number="331"/>
                        <line hits="1" number="333"/>
                        <line hits="9" number="335"/>
                        <line hits="9" number="336"/>
                        <line hits="1" number="337"/>
                        <line hits="8" number="338"/>
                        <line hits="1" number="339"/>
                        <line hits="7" number="340"/>
                        <line hits="1" number="341"/>
                        <line hits="6" number="342"/>
                        <line hits="0" number="343"/>
                        <line hits="6" number="344"/>
                        <line hits="0" number="345"/>
                        <line hits="6" number="346"/>
                        <line hits="0" number="347"/>
                        <line hits="6" number="348"/>
                        <line hits="0" number="349"/>
                        <line hits="6" number="350"/>
                        <line hits="0" number="351"/>
                        <line hits="6" number="352"/>
                        <line hits="0" number="353"/>
                        <line hits="6" number="354"/>
                        <line hits="0" number="355"/>
                        <line hits="6" number="356"/>
                        <line hits="6" number="357"/>
                        <line hits="0" number="358"/>
                        <line hits="0" number="360"/>
                        <line hits="9" number="363"/>
                        <line hits="9" number="364"/>
                        <line hits="1" number="365"/>
                        <line hits="3" number="369"/>
                     </lines>
                  </method>
                  <method branch-rate="NaN" line-rate="1" name="StartupFcn" signature="StartupFcn(app)">
                     <lines>
                        <line hits="1" number="380"/>
                        <line hits="1" number="381"/>
                        <line hits="1" number="383"/>
                        <line hits="1" number="385"/>
                        <line hits="1" number="387"/>
                        <line hits="1" number="389"/>
                        <line hits="1" number="390"/>
                        <line hits="1" number="391"/>
                        <line hits="1" number="396"/>
                        <line hits="1" number="397"/>
                        <line hits="1" number="399"/>
                        <line hits="1" number="400"/>
                        <line hits="1" number="402"/>
                        <line hits="1" number="405"/>
                        <line hits="1" number="406"/>
                        <line hits="1" number="408"/>
                     </lines>
                  </method>
                  <method branch-rate="NaN" line-rate="0.81818" name="ImageCashBoxKeyImageClicked"
                          signature="ImageCashBoxKeyImageClicked(app, event)">
                     <lines>
                        <line hits="1" number="413"/>
                        <line hits="1" number="414"/>
                        <line hits="1" number="415"/>
                        <line hits="1" number="416"/>
                        <line hits="1" number="417"/>
                        <line hits="1" number="418"/>
                        <line hits="1" number="420"/>
                        <line hits="0" number="421"/>
                        <line hits="0" number="422"/>
                        <line hits="1" number="424"/>
                        <line hits="1" number="426"/>
                     </lines>
                  </method>
                  <method branch-rate="NaN" line-rate="0.75" name="SwitchMasterValueChanged"
                          signature="SwitchMasterValueChanged(app, event)">
                     <lines>
                        <line hits="1" number="432"/>
                        <line hits="0" number="433"/>
                        <line hits="1" number="434"/>
                        <line hits="1" number="435"/>
                     </lines>
                  </method>
                  <method branch-rate="NaN" line-rate="1" name="ButtonGreenPushed"
                          signature="ButtonGreenPushed(app, event)">
                     <lines>
                        <line hits="1" number="442"/>
                     </lines>
                  </method>
                  <method branch-rate="NaN" line-rate="1" name="ButtonRedPushed"
                          signature="ButtonRedPushed(app, event)">
                     <lines>
                        <line hits="1" number="448"/>
                     </lines>
                  </method>
                  <method branch-rate="NaN" line-rate="1" name="ImageCoin_200ImageClicked"
                          signature="ImageCoin_200ImageClicked(app, event)">
                     <lines>
                        <line hits="1" number="454"/>
                     </lines>
                  </method>
                  <method branch-rate="NaN" line-rate="1" name="ImageCoin_100ImageClicked"
                          signature="ImageCoin_100ImageClicked(app, event)">
                     <lines>
                        <line hits="1" number="460"/>
                     </lines>
                  </method>
                  <method branch-rate="NaN" line-rate="0" name="ImageCoin_050ImageClicked"
                          signature="ImageCoin_050ImageClicked(app, event)">
                     <lines>
                        <line hits="0" number="466"/>
                     </lines>
                  </method>
                  <method branch-rate="NaN" line-rate="0" name="ImageCoin_020ImageClicked"
                          signature="ImageCoin_020ImageClicked(app, event)">
                     <lines>
                        <line hits="0" number="472"/>
                     </lines>
                  </method>
                  <method branch-rate="NaN" line-rate="1" name="ImageCoin_010ImageClicked"
                          signature="ImageCoin_010ImageClicked(app, event)">
                     <lines>
                        <line hits="1" number="478"/>
                     </lines>
                  </method>
                  <method branch-rate="NaN" line-rate="1" name="ImageTicketClicked"
                          signature="ImageTicketClicked(app, event)">
                     <lines>
                        <line hits="1" number="484"/>
                        <line hits="1" number="485"/>
                     </lines>
                  </method>
                  <method branch-rate="NaN" line-rate="1" name="ImageCoinSlotXImageClicked"
                          signature="ImageCoinSlotXImageClicked(app, event)">
                     <lines>
                        <line hits="1" number="494"/>
                        <line hits="12" number="495"/>
                        <line hits="12" number="496"/>
                     </lines>
                  </method>
                  <method branch-rate="NaN" line-rate="0" name="ParkingMeterUIFigureCloseRequest"
                          signature="ParkingMeterUIFigureCloseRequest(app, event)">
                     <lines>
                        <line hits="0" number="502"/>
                        <line hits="0" number="503"/>
                        <line hits="0" number="504"/>
                        <line hits="0" number="505"/>
                        <line hits="0" number="506"/>
                        <line hits="0" number="508"/>
                        <line hits="0" number="509"/>
                     </lines>
                  </method>
                  <method branch-rate="NaN" line-rate="1" name="createComponents"
                          signature="createComponents(app)">
                     <lines>
                        <line hits="1" number="520"/>
                        <line hits="1" number="521"/>
                        <line hits="1" number="522"/>
                        <line hits="1" number="523"/>
                        <line hits="1" number="524"/>
                        <line hits="1" number="525"/>
                        <line hits="1" number="526"/>
                        <line hits="1" number="529"/>
                        <line hits="1" number="530"/>
                        <line hits="1" number="531"/>
                        <line hits="1" number="534"/>
                        <line hits="1" number="535"/>
                        <line hits="1" number="536"/>
                        <line hits="1" number="537"/>
                        <line hits="1" number="538"/>
                        <line hits="1" number="539"/>
                        <line hits="1" number="542"/>
                        <line hits="1" number="543"/>
                        <line hits="1" number="544"/>
                        <line hits="1" number="545"/>
                        <line hits="1" number="546"/>
                        <line hits="1" number="547"/>
                        <line hits="1" number="550"/>
                        <line hits="1" number="551"/>
                        <line hits="1" number="552"/>
                        <line hits="1" number="553"/>
                        <line hits="1" number="554"/>
                        <line hits="1" number="555"/>
                        <line hits="1" number="556"/>
                        <line hits="1" number="557"/>
                        <line hits="1" number="560"/>
                        <line hits="1" number="561"/>
                        <line hits="1" number="562"/>
                        <line hits="1" number="563"/>
                        <line hits="1" number="564"/>
                        <line hits="1" number="565"/>
                        <line hits="1" number="566"/>
                        <line hits="1" number="567"/>
                        <line hits="1" number="570"/>
                        <line hits="1" number="571"/>
                        <line hits="1" number="572"/>
                        <line hits="1" number="573"/>
                        <line hits="1" number="574"/>
                        <line hits="1" number="575"/>
                        <line hits="1" number="576"/>
                        <line hits="1" number="579"/>
                        <line hits="1" number="580"/>
                        <line hits="1" number="581"/>
                        <line hits="1" number="582"/>
                        <line hits="1" number="583"/>
                        <line hits="1" number="584"/>
                        <line hits="1" number="587"/>
                        <line hits="1" number="588"/>
                        <line hits="1" number="589"/>
                        <line hits="1" number="590"/>
                        <line hits="1" number="593"/>
                        <line hits="1" number="594"/>
                        <line hits="1" number="595"/>
                        <line hits="1" number="596"/>
                        <line hits="1" number="597"/>
                        <line hits="1" number="598"/>
                        <line hits="1" number="599"/>
                        <line hits="1" number="602"/>
                        <line hits="1" number="603"/>
                        <line hits="1" number="604"/>
                        <line hits="1" number="605"/>
                        <line hits="1" number="606"/>
                        <line hits="1" number="609"/>
                        <line hits="1" number="610"/>
                        <line hits="1" number="611"/>
                        <line hits="1" number="612"/>
                        <line hits="1" number="613"/>
                        <line hits="1" number="614"/>
                        <line hits="1" number="615"/>
                        <line hits="1" number="616"/>
                        <line hits="1" number="617"/>
                        <line hits="1" number="620"/>
                        <line hits="1" number="621"/>
                        <line hits="1" number="622"/>
                        <line hits="1" number="623"/>
                        <line hits="1" number="624"/>
                        <line hits="1" number="625"/>
                        <line hits="1" number="628"/>
                        <line hits="1" number="629"/>
                        <line hits="1" number="630"/>
                        <line hits="1" number="631"/>
                        <line hits="1" number="632"/>
                        <line hits="1" number="633"/>
                        <line hits="1" number="636"/>
                        <line hits="1" number="637"/>
                        <line hits="1" number="638"/>
                        <line hits="1" number="639"/>
                        <line hits="1" number="640"/>
                        <line hits="1" number="641"/>
                        <line hits="1" number="644"/>
                        <line hits="1" number="645"/>
                        <line hits="1" number="646"/>
                        <line hits="1" number="647"/>
                        <line hits="1" number="648"/>
                        <line hits="1" number="649"/>
                        <line hits="1" number="652"/>
                        <line hits="1" number="653"/>
                        <line hits="1" number="654"/>
                        <line hits="1" number="655"/>
                        <line hits="1" number="656"/>
                        <line hits="1" number="657"/>
                        <line hits="1" number="660"/>
                        <line hits="1" number="661"/>
                        <line hits="1" number="662"/>
                        <line hits="1" number="663"/>
                        <line hits="1" number="664"/>
                        <line hits="1" number="665"/>
                        <line hits="1" number="668"/>
                        <line hits="1" number="669"/>
                        <line hits="1" number="670"/>
                        <line hits="1" number="671"/>
                        <line hits="1" number="672"/>
                        <line hits="1" number="673"/>
                        <line hits="1" number="676"/>
                        <line hits="1" number="677"/>
                        <line hits="1" number="678"/>
                        <line hits="1" number="679"/>
                        <line hits="1" number="680"/>
                        <line hits="1" number="681"/>
                        <line hits="1" number="684"/>
                        <line hits="1" number="685"/>
                        <line hits="1" number="686"/>
                        <line hits="1" number="687"/>
                        <line hits="1" number="688"/>
                        <line hits="1" number="689"/>
                        <line hits="1" number="692"/>
                        <line hits="1" number="693"/>
                        <line hits="1" number="694"/>
                        <line hits="1" number="695"/>
                        <line hits="1" number="696"/>
                        <line hits="1" number="697"/>
                        <line hits="1" number="700"/>
                        <line hits="1" number="701"/>
                        <line hits="1" number="702"/>
                        <line hits="1" number="703"/>
                        <line hits="1" number="704"/>
                        <line hits="1" number="705"/>
                        <line hits="1" number="708"/>
                        <line hits="1" number="709"/>
                        <line hits="1" number="710"/>
                        <line hits="1" number="711"/>
                        <line hits="1" number="712"/>
                        <line hits="1" number="713"/>
                        <line hits="1" number="716"/>
                        <line hits="1" number="717"/>
                        <line hits="1" number="718"/>
                        <line hits="1" number="719"/>
                        <line hits="1" number="720"/>
                        <line hits="1" number="721"/>
                        <line hits="1" number="722"/>
                        <line hits="1" number="723"/>
                        <line hits="1" number="726"/>
                        <line hits="1" number="727"/>
                        <line hits="1" number="728"/>
                        <line hits="1" number="729"/>
                        <line hits="1" number="730"/>
                        <line hits="1" number="731"/>
                        <line hits="1" number="732"/>
                        <line hits="1" number="733"/>
                        <line hits="1" number="736"/>
                        <line hits="1" number="737"/>
                        <line hits="1" number="738"/>
                        <line hits="1" number="739"/>
                        <line hits="1" number="740"/>
                        <line hits="1" number="741"/>
                        <line hits="1" number="742"/>
                        <line hits="1" number="745"/>
                        <line hits="1" number="746"/>
                        <line hits="1" number="747"/>
                        <line hits="1" number="748"/>
                        <line hits="1" number="749"/>
                        <line hits="1" number="750"/>
                        <line hits="1" number="753"/>
                        <line hits="1" number="754"/>
                        <line hits="1" number="755"/>
                        <line hits="1" number="756"/>
                        <line hits="1" number="759"/>
                        <line hits="1" number="760"/>
                        <line hits="1" number="761"/>
                        <line hits="1" number="762"/>
                        <line hits="1" number="763"/>
                        <line hits="1" number="764"/>
                        <line hits="1" number="767"/>
                        <line hits="1" number="768"/>
                        <line hits="1" number="769"/>
                        <line hits="1" number="770"/>
                        <line hits="1" number="773"/>
                        <line hits="1" number="774"/>
                        <line hits="1" number="775"/>
                        <line hits="1" number="776"/>
                        <line hits="1" number="777"/>
                        <line hits="1" number="778"/>
                        <line hits="1" number="779"/>
                        <line hits="1" number="780"/>
                        <line hits="1" number="783"/>
                        <line hits="1" number="784"/>
                        <line hits="1" number="785"/>
                        <line hits="1" number="786"/>
                        <line hits="1" number="787"/>
                        <line hits="1" number="788"/>
                        <line hits="1" number="791"/>
                        <line hits="1" number="792"/>
                        <line hits="1" number="793"/>
                        <line hits="1" number="794"/>
                        <line hits="1" number="795"/>
                        <line hits="1" number="796"/>
                        <line hits="1" number="799"/>
                        <line hits="1" number="800"/>
                        <line hits="1" number="801"/>
                        <line hits="1" number="802"/>
                        <line hits="1" number="803"/>
                        <line hits="1" number="804"/>
                        <line hits="1" number="805"/>
                        <line hits="1" number="806"/>
                        <line hits="1" number="807"/>
                        <line hits="1" number="810"/>
                        <line hits="1" number="811"/>
                        <line hits="1" number="812"/>
                        <line hits="1" number="813"/>
                        <line hits="1" number="814"/>
                        <line hits="1" number="815"/>
                        <line hits="1" number="816"/>
                        <line hits="1" number="817"/>
                        <line hits="1" number="818"/>
                        <line hits="1" number="821"/>
                        <line hits="1" number="822"/>
                        <line hits="1" number="823"/>
                        <line hits="1" number="824"/>
                        <line hits="1" number="825"/>
                        <line hits="1" number="826"/>
                        <line hits="1" number="827"/>
                        <line hits="1" number="828"/>
                        <line hits="1" number="829"/>
                        <line hits="1" number="830"/>
                        <line hits="1" number="833"/>
                        <line hits="1" number="834"/>
                        <line hits="1" number="835"/>
                        <line hits="1" number="836"/>
                        <line hits="1" number="837"/>
                        <line hits="1" number="838"/>
                        <line hits="1" number="839"/>
                        <line hits="1" number="840"/>
                        <line hits="1" number="841"/>
                        <line hits="1" number="844"/>
                        <line hits="1" number="845"/>
                        <line hits="1" number="846"/>
                        <line hits="1" number="847"/>
                        <line hits="1" number="848"/>
                        <line hits="1" number="849"/>
                        <line hits="1" number="850"/>
                        <line hits="1" number="853"/>
                        <line hits="1" number="854"/>
                        <line hits="1" number="855"/>
                        <line hits="1" number="856"/>
                        <line hits="1" number="857"/>
                        <line hits="1" number="858"/>
                        <line hits="1" number="859"/>
                        <line hits="1" number="860"/>
                        <line hits="1" number="861"/>
                        <line hits="1" number="864"/>
                        <line hits="1" number="865"/>
                        <line hits="1" number="866"/>
                        <line hits="1" number="867"/>
                        <line hits="1" number="868"/>
                        <line hits="1" number="869"/>
                        <line hits="1" number="870"/>
                        <line hits="1" number="871"/>
                        <line hits="1" number="872"/>
                        <line hits="1" number="875"/>
                        <line hits="1" number="876"/>
                        <line hits="1" number="877"/>
                        <line hits="1" number="878"/>
                        <line hits="1" number="879"/>
                        <line hits="1" number="882"/>
                        <line hits="1" number="883"/>
                        <line hits="1" number="884"/>
                        <line hits="1" number="885"/>
                        <line hits="1" number="886"/>
                        <line hits="1" number="887"/>
                        <line hits="1" number="888"/>
                        <line hits="1" number="889"/>
                        <line hits="1" number="892"/>
                        <line hits="1" number="893"/>
                        <line hits="1" number="894"/>
                        <line hits="1" number="895"/>
                        <line hits="1" number="896"/>
                        <line hits="1" number="897"/>
                        <line hits="1" number="898"/>
                        <line hits="1" number="901"/>
                        <line hits="1" number="902"/>
                        <line hits="1" number="903"/>
                        <line hits="1" number="904"/>
                        <line hits="1" number="905"/>
                        <line hits="1" number="906"/>
                        <line hits="1" number="907"/>
                        <line hits="1" number="910"/>
                        <line hits="1" number="911"/>
                        <line hits="1" number="912"/>
                        <line hits="1" number="913"/>
                        <line hits="1" number="914"/>
                        <line hits="1" number="915"/>
                        <line hits="1" number="916"/>
                        <line hits="1" number="919"/>
                        <line hits="1" number="920"/>
                        <line hits="1" number="921"/>
                        <line hits="1" number="922"/>
                        <line hits="1" number="923"/>
                        <line hits="1" number="924"/>
                        <line hits="1" number="925"/>
                        <line hits="1" number="928"/>
                        <line hits="1" number="929"/>
                        <line hits="1" number="930"/>
                        <line hits="1" number="931"/>
                        <line hits="1" number="932"/>
                        <line hits="1" number="933"/>
                        <line hits="1" number="934"/>
                        <line hits="1" number="937"/>
                     </lines>
                  </method>
                  <method branch-rate="NaN" line-rate="0.8" name="ParkingMeterGUI"
                          signature="app = ParkingMeterGUI()">
                     <lines>
                        <line hits="1" number="948"/>
                        <line hits="1" number="951"/>
                        <line hits="1" number="954"/>
                        <line hits="1" number="956"/>
                        <line hits="0" number="957"/>
                     </lines>
                  </method>
                  <method branch-rate="NaN" line-rate="1" name="delete" signature="delete(app)">
                     <lines>
                        <line hits="1" number="965"/>
                     </lines>
                  </method>
               </methods>
               <lines>
                  <line hits="1509" number="111"/>
                  <line hits="1509" number="113"/>
                  <line hits="1509" number="114"/>
                  <line hits="1509" number="115"/>
                  <line hits="1509" number="116"/>
                  <line hits="1509" number="117"/>
                  <line hits="1509" number="118"/>
                  <line hits="1509" number="120"/>
                  <line hits="1506" number="121"/>
                  <line hits="1506" number="122"/>
                  <line hits="3" number="123"/>
                  <line hits="3" number="124"/>
                  <line hits="3" number="125"/>
                  <line hits="3" number="127"/>
                  <line hits="1509" number="131"/>
                  <line hits="3" number="132"/>
                  <line hits="3" number="133"/>
                  <line hits="1509" number="136"/>
                  <line hits="3" number="137"/>
                  <line hits="3" number="138"/>
                  <line hits="1509" number="141"/>
                  <line hits="3" number="142"/>
                  <line hits="3" number="143"/>
                  <line hits="1509" number="146"/>
                  <line hits="10" number="148"/>
                  <line hits="1" number="149"/>
                  <line hits="1" number="151"/>
                  <line hits="1" number="153"/>
                  <line hits="1" number="154"/>
                  <line hits="1" number="155"/>
                  <line hits="1" number="157"/>
                  <line hits="14" number="158"/>
                  <line hits="14" number="159"/>
                  <line hits="14" number="160"/>
                  <line hits="1" number="161"/>
                  <line hits="10" number="166"/>
                  <line hits="8" number="167"/>
                  <line hits="8" number="168"/>
                  <line hits="8" number="169"/>
                  <line hits="8" number="170"/>
                  <line hits="8" number="171"/>
                  <line hits="8" number="172"/>
                  <line hits="2" number="173"/>
                  <line hits="2" number="174"/>
                  <line hits="2" number="175"/>
                  <line hits="2" number="176"/>
                  <line hits="2" number="177"/>
                  <line hits="2" number="178"/>
                  <line hits="2" number="179"/>
                  <line hits="10" number="182"/>
                  <line hits="3" number="184"/>
                  <line hits="6" number="185"/>
                  <line hits="6" number="186"/>
                  <line hits="3" number="187"/>
                  <line hits="3" number="188"/>
                  <line hits="3" number="191"/>
                  <line hits="3" number="193"/>
                  <line hits="0" number="194"/>
                  <line hits="0" number="195"/>
                  <line hits="3" number="198"/>
                  <line hits="1" number="199"/>
                  <line hits="1" number="200"/>
                  <line hits="3" number="203"/>
                  <line hits="1" number="204"/>
                  <line hits="1" number="205"/>
                  <line hits="3" number="208"/>
                  <line hits="1" number="209"/>
                  <line hits="1" number="210"/>
                  <line hits="3" number="212"/>
                  <line hits="3" number="213"/>
                  <line hits="3" number="214"/>
                  <line hits="3" number="215"/>
                  <line hits="3" number="216"/>
                  <line hits="3" number="220"/>
                  <line hits="3" number="221"/>
                  <line hits="3" number="222"/>
                  <line hits="10" number="226"/>
                  <line hits="10" number="228"/>
                  <line hits="10" number="229"/>
                  <line hits="10" number="230"/>
                  <line hits="10" number="231"/>
                  <line hits="1509" number="234"/>
                  <line hits="1509" number="236"/>
                  <line hits="1509" number="237"/>
                  <line hits="3" number="238"/>
                  <line hits="3" number="239"/>
                  <line hits="1" number="240"/>
                  <line hits="2" number="241"/>
                  <line hits="1" number="242"/>
                  <line hits="1" number="243"/>
                  <line hits="1" number="244"/>
                  <line hits="0" number="245"/>
                  <line hits="0" number="246"/>
                  <line hits="0" number="247"/>
                  <line hits="0" number="248"/>
                  <line hits="3" number="251"/>
                  <line hits="1509" number="255"/>
                  <line hits="0" number="256"/>
                  <line hits="0" number="257"/>
                  <line hits="0" number="258"/>
                  <line hits="0" number="259"/>
                  <line hits="0" number="260"/>
                  <line hits="0" number="262"/>
                  <line hits="0" number="263"/>
                  <line hits="0" number="264"/>
                  <line hits="0" number="265"/>
                  <line hits="0" number="268"/>
                  <line hits="0" number="269"/>
                  <line hits="0" number="270"/>
                  <line hits="0" number="271"/>
                  <line hits="0" number="274"/>
                  <line hits="1509" number="278"/>
                  <line hits="1509" number="279"/>
                  <line hits="2" number="283"/>
                  <line hits="2" number="285"/>
                  <line hits="0" number="286"/>
                  <line hits="0" number="288"/>
                  <line hits="2" number="290"/>
                  <line hits="2" number="291"/>
                  <line hits="1" number="297"/>
                  <line hits="1" number="298"/>
                  <line hits="1" number="300"/>
                  <line hits="1" number="301"/>
                  <line hits="1" number="302"/>
                  <line hits="1" number="305"/>
                  <line hits="1" number="306"/>
                  <line hits="1" number="311"/>
                  <line hits="1" number="312"/>
                  <line hits="1" number="313"/>
                  <line hits="1" number="314"/>
                  <line hits="1" number="315"/>
                  <line hits="1" number="316"/>
                  <line hits="1" number="319"/>
                  <line hits="1" number="320"/>
                  <line hits="3" number="325"/>
                  <line hits="3" number="326"/>
                  <line hits="3" number="327"/>
                  <line hits="3" number="328"/>
                  <line hits="3" number="330"/>
                  <line hits="9" number="331"/>
                  <line hits="1" number="333"/>
                  <line hits="9" number="335"/>
                  <line hits="9" number="336"/>
                  <line hits="1" number="337"/>
                  <line hits="8" number="338"/>
                  <line hits="1" number="339"/>
                  <line hits="7" number="340"/>
                  <line hits="1" number="341"/>
                  <line hits="6" number="342"/>
                  <line hits="0" number="343"/>
                  <line hits="6" number="344"/>
                  <line hits="0" number="345"/>
                  <line hits="6" number="346"/>
                  <line hits="0" number="347"/>
                  <line hits="6" number="348"/>
                  <line hits="0" number="349"/>
                  <line hits="6" number="350"/>
                  <line hits="0" number="351"/>
                  <line hits="6" number="352"/>
                  <line hits="0" number="353"/>
                  <line hits="6" number="354"/>
                  <line hits="0" number="355"/>
                  <line hits="6" number="356"/>
                  <line hits="6" number="357"/>
                  <line hits="0" number="358"/>
                  <line hits="0" number="360"/>
                  <line hits="9" number="363"/>
                  <line hits="9" number="364"/>
                  <line hits="1" number="365"/>
                  <line hits="3" number="369"/>
                  <line hits="1" number="380"/>
                  <line hits="1" number="381"/>
                  <line hits="1" number="383"/>
                  <line hits="1" number="385"/>
                  <line hits="1" number="387"/>
                  <line hits="1" number="389"/>
                  <line hits="1" number="390"/>
                  <line hits="1" number="391"/>
                  <line hits="1" number="396"/>
                  <line hits="1" number="397"/>
                  <line hits="1" number="399"/>
                  <line hits="1" number="400"/>
                  <line hits="1" number="402"/>
                  <line hits="1" number="405"/>
                  <line hits="1" number="406"/>
                  <line hits="1" number="408"/>
                  <line hits="1" number="413"/>
                  <line hits="1" number="414"/>
                  <line hits="1" number="415"/>
                  <line hits="1" number="416"/>
                  <line hits="1" number="417"/>
                  <line hits="1" number="418"/>
                  <line hits="1" number="420"/>
                  <line hits="0" number="421"/>
                  <line hits="0" number="422"/>
                  <line hits="1" number="424"/>
                  <line hits="1" number="426"/>
                  <line hits="1" number="432"/>
                  <line hits="0" number="433"/>
                  <line hits="1" number="434"/>
                  <line hits="1" number="435"/>
                  <line hits="1" number="442"/>
                  <line hits="1" number="448"/>
                  <line hits="1" number="454"/>
                  <line hits="1" number="460"/>
                  <line hits="0" number="466"/>
                  <line hits="0" number="472"/>
                  <line hits="1" number="478"/>
                  <line hits="1" number="484"/>
                  <line hits="1" number="485"/>
                  <line hits="1" number="494"/>
                  <line hits="12" number="495"/>
                  <line hits="12" number="496"/>
                  <line hits="0" number="502"/>
                  <line hits="0" number="503"/>
                  <line hits="0" number="504"/>
                  <line hits="0" number="505"/>
                  <line hits="0" number="506"/>
                  <line hits="0" number="508"/>
                  <line hits="0" number="509"/>
                  <line hits="1" number="520"/>
                  <line hits="1" number="521"/>
                  <line hits="1" number="522"/>
                  <line hits="1" number="523"/>
                  <line hits="1" number="524"/>
                  <line hits="1" number="525"/>
                  <line hits="1" number="526"/>
                  <line hits="1" number="529"/>
                  <line hits="1" number="530"/>
                  <line hits="1" number="531"/>
                  <line hits="1" number="534"/>
                  <line hits="1" number="535"/>
                  <line hits="1" number="536"/>
                  <line hits="1" number="537"/>
                  <line hits="1" number="538"/>
                  <line hits="1" number="539"/>
                  <line hits="1" number="542"/>
                  <line hits="1" number="543"/>
                  <line hits="1" number="544"/>
                  <line hits="1" number="545"/>
                  <line hits="1" number="546"/>
                  <line hits="1" number="547"/>
                  <line hits="1" number="550"/>
                  <line hits="1" number="551"/>
                  <line hits="1" number="552"/>
                  <line hits="1" number="553"/>
                  <line hits="1" number="554"/>
                  <line hits="1" number="555"/>
                  <line hits="1" number="556"/>
                  <line hits="1" number="557"/>
                  <line hits="1" number="560"/>
                  <line hits="1" number="561"/>
                  <line hits="1" number="562"/>
                  <line hits="1" number="563"/>
                  <line hits="1" number="564"/>
                  <line hits="1" number="565"/>
                  <line hits="1" number="566"/>
                  <line hits="1" number="567"/>
                  <line hits="1" number="570"/>
                  <line hits="1" number="571"/>
                  <line hits="1" number="572"/>
                  <line hits="1" number="573"/>
                  <line hits="1" number="574"/>
                  <line hits="1" number="575"/>
                  <line hits="1" number="576"/>
                  <line hits="1" number="579"/>
                  <line hits="1" number="580"/>
                  <line hits="1" number="581"/>
                  <line hits="1" number="582"/>
                  <line hits="1" number="583"/>
                  <line hits="1" number="584"/>
                  <line hits="1" number="587"/>
                  <line hits="1" number="588"/>
                  <line hits="1" number="589"/>
                  <line hits="1" number="590"/>
                  <line hits="1" number="593"/>
                  <line hits="1" number="594"/>
                  <line hits="1" number="595"/>
                  <line hits="1" number="596"/>
                  <line hits="1" number="597"/>
                  <line hits="1" number="598"/>
                  <line hits="1" number="599"/>
                  <line hits="1" number="602"/>
                  <line hits="1" number="603"/>
                  <line hits="1" number="604"/>
                  <line hits="1" number="605"/>
                  <line hits="1" number="606"/>
                  <line hits="1" number="609"/>
                  <line hits="1" number="610"/>
                  <line hits="1" number="611"/>
                  <line hits="1" number="612"/>
                  <line hits="1" number="613"/>
                  <line hits="1" number="614"/>
                  <line hits="1" number="615"/>
                  <line hits="1" number="616"/>
                  <line hits="1" number="617"/>
                  <line hits="1" number="620"/>
                  <line hits="1" number="621"/>
                  <line hits="1" number="622"/>
                  <line hits="1" number="623"/>
                  <line hits="1" number="624"/>
                  <line hits="1" number="625"/>
                  <line hits="1" number="628"/>
                  <line hits="1" number="629"/>
                  <line hits="1" number="630"/>
                  <line hits="1" number="631"/>
                  <line hits="1" number="632"/>
                  <line hits="1" number="633"/>
                  <line hits="1" number="636"/>
                  <line hits="1" number="637"/>
                  <line hits="1" number="638"/>
                  <line hits="1" number="639"/>
                  <line hits="1" number="640"/>
                  <line hits="1" number="641"/>
                  <line hits="1" number="644"/>
                  <line hits="1" number="645"/>
                  <line hits="1" number="646"/>
                  <line hits="1" number="647"/>
                  <line hits="1" number="648"/>
                  <line hits="1" number="649"/>
                  <line hits="1" number="652"/>
                  <line hits="1" number="653"/>
                  <line hits="1" number="654"/>
                  <line hits="1" number="655"/>
                  <line hits="1" number="656"/>
                  <line hits="1" number="657"/>
                  <line hits="1" number="660"/>
                  <line hits="1" number="661"/>
                  <line hits="1" number="662"/>
                  <line hits="1" number="663"/>
                  <line hits="1" number="664"/>
                  <line hits="1" number="665"/>
                  <line hits="1" number="668"/>
                  <line hits="1" number="669"/>
                  <line hits="1" number="670"/>
                  <line hits="1" number="671"/>
                  <line hits="1" number="672"/>
                  <line hits="1" number="673"/>
                  <line hits="1" number="676"/>
                  <line hits="1" number="677"/>
                  <line hits="1" number="678"/>
                  <line hits="1" number="679"/>
                  <line hits="1" number="680"/>
                  <line hits="1" number="681"/>
                  <line hits="1" number="684"/>
                  <line hits="1" number="685"/>
                  <line hits="1" number="686"/>
                  <line hits="1" number="687"/>
                  <line hits="1" number="688"/>
                  <line hits="1" number="689"/>
                  <line hits="1" number="692"/>
                  <line hits="1" number="693"/>
                  <line hits="1" number="694"/>
                  <line hits="1" number="695"/>
                  <line hits="1" number="696"/>
                  <line hits="1" number="697"/>
                  <line hits="1" number="700"/>
                  <line hits="1" number="701"/>
                  <line hits="1" number="702"/>
                  <line hits="1" number="703"/>
                  <line hits="1" number="704"/>
                  <line hits="1" number="705"/>
                  <line hits="1" number="708"/>
                  <line hits="1" number="709"/>
                  <line hits="1" number="710"/>
                  <line hits="1" number="711"/>
                  <line hits="1" number="712"/>
                  <line hits="1" number="713"/>
                  <line hits="1" number="716"/>
                  <line hits="1" number="717"/>
                  <line hits="1" number="718"/>
                  <line hits="1" number="719"/>
                  <line hits="1" number="720"/>
                  <line hits="1" number="721"/>
                  <line hits="1" number="722"/>
                  <line hits="1" number="723"/>
                  <line hits="1" number="726"/>
                  <line hits="1" number="727"/>
                  <line hits="1" number="728"/>
                  <line hits="1" number="729"/>
                  <line hits="1" number="730"/>
                  <line hits="1" number="731"/>
                  <line hits="1" number="732"/>
                  <line hits="1" number="733"/>
                  <line hits="1" number="736"/>
                  <line hits="1" number="737"/>
                  <line hits="1" number="738"/>
                  <line hits="1" number="739"/>
                  <line hits="1" number="740"/>
                  <line hits="1" number="741"/>
                  <line hits="1" number="742"/>
                  <line hits="1" number="745"/>
                  <line hits="1" number="746"/>
                  <line hits="1" number="747"/>
                  <line hits="1" number="748"/>
                  <line hits="1" number="749"/>
                  <line hits="1" number="750"/>
                  <line hits="1" number="753"/>
                  <line hits="1" number="754"/>
                  <line hits="1" number="755"/>
                  <line hits="1" number="756"/>
                  <line hits="1" number="759"/>
                  <line hits="1" number="760"/>
                  <line hits="1" number="761"/>
                  <line hits="1" number="762"/>
                  <line hits="1" number="763"/>
                  <line hits="1" number="764"/>
                  <line hits="1" number="767"/>
                  <line hits="1" number="768"/>
                  <line hits="1" number="769"/>
                  <line hits="1" number="770"/>
                  <line hits="1" number="773"/>
                  <line hits="1" number="774"/>
                  <line hits="1" number="775"/>
                  <line hits="1" number="776"/>
                  <line hits="1" number="777"/>
                  <line hits="1" number="778"/>
                  <line hits="1" number="779"/>
                  <line hits="1" number="780"/>
                  <line hits="1" number="783"/>
                  <line hits="1" number="784"/>
                  <line hits="1" number="785"/>
                  <line hits="1" number="786"/>
                  <line hits="1" number="787"/>
                  <line hits="1" number="788"/>
                  <line hits="1" number="791"/>
                  <line hits="1" number="792"/>
                  <line hits="1" number="793"/>
                  <line hits="1" number="794"/>
                  <line hits="1" number="795"/>
                  <line hits="1" number="796"/>
                  <line hits="1" number="799"/>
                  <line hits="1" number="800"/>
                  <line hits="1" number="801"/>
                  <line hits="1" number="802"/>
                  <line hits="1" number="803"/>
                  <line hits="1" number="804"/>
                  <line hits="1" number="805"/>
                  <line hits="1" number="806"/>
                  <line hits="1" number="807"/>
                  <line hits="1" number="810"/>
                  <line hits="1" number="811"/>
                  <line hits="1" number="812"/>
                  <line hits="1" number="813"/>
                  <line hits="1" number="814"/>
                  <line hits="1" number="815"/>
                  <line hits="1" number="816"/>
                  <line hits="1" number="817"/>
                  <line hits="1" number="818"/>
                  <line hits="1" number="821"/>
                  <line hits="1" number="822"/>
                  <line hits="1" number="823"/>
                  <line hits="1" number="824"/>
                  <line hits="1" number="825"/>
                  <line hits="1" number="826"/>
                  <line hits="1" number="827"/>
                  <line hits="1" number="828"/>
                  <line hits="1" number="829"/>
                  <line hits="1" number="830"/>
                  <line hits="1" number="833"/>
                  <line hits="1" number="834"/>
                  <line hits="1" number="835"/>
                  <line hits="1" number="836"/>
                  <line hits="1" number="837"/>
                  <line hits="1" number="838"/>
                  <line hits="1" number="839"/>
                  <line hits="1" number="840"/>
                  <line hits="1" number="841"/>
                  <line hits="1" number="844"/>
                  <line hits="1" number="845"/>
                  <line hits="1" number="846"/>
                  <line hits="1" number="847"/>
                  <line hits="1" number="848"/>
                  <line hits="1" number="849"/>
                  <line hits="1" number="850"/>
                  <line hits="1" number="853"/>
                  <line hits="1" number="854"/>
                  <line hits="1" number="855"/>
                  <line hits="1" number="856"/>
                  <line hits="1" number="857"/>
                  <line hits="1" number="858"/>
                  <line hits="1" number="859"/>
                  <line hits="1" number="860"/>
                  <line hits="1" number="861"/>
                  <line hits="1" number="864"/>
                  <line hits="1" number="865"/>
                  <line hits="1" number="866"/>
                  <line hits="1" number="867"/>
                  <line hits="1" number="868"/>
                  <line hits="1" number="869"/>
                  <line hits="1" number="870"/>
                  <line hits="1" number="871"/>
                  <line hits="1" number="872"/>
                  <line hits="1" number="875"/>
                  <line hits="1" number="876"/>
                  <line hits="1" number="877"/>
                  <line hits="1" number="878"/>
                  <line hits="1" number="879"/>
                  <line hits="1" number="882"/>
                  <line hits="1" number="883"/>
                  <line hits="1" number="884"/>
                  <line hits="1" number="885"/>
                  <line hits="1" number="886"/>
                  <line hits="1" number="887"/>
                  <line hits="1" number="888"/>
                  <line hits="1" number="889"/>
                  <line hits="1" number="892"/>
                  <line hits="1" number="893"/>
                  <line hits="1" number="894"/>
                  <line hits="1" number="895"/>
                  <line hits="1" number="896"/>
                  <line hits="1" number="897"/>
                  <line hits="1" number="898"/>
                  <line hits="1" number="901"/>
                  <line hits="1" number="902"/>
                  <line hits="1" number="903"/>
                  <line hits="1" number="904"/>
                  <line hits="1" number="905"/>
                  <line hits="1" number="906"/>
                  <line hits="1" number="907"/>
                  <line hits="1" number="910"/>
                  <line hits="1" number="911"/>
                  <line hits="1" number="912"/>
                  <line hits="1" number="913"/>
                  <line hits="1" number="914"/>
                  <line hits="1" number="915"/>
                  <line hits="1" number="916"/>
                  <line hits="1" number="919"/>
                  <line hits="1" number="920"/>
                  <line hits="1" number="921"/>
                  <line hits="1" number="922"/>
                  <line hits="1" number="923"/>
                  <line hits="1" number="924"/>
                  <line hits="1" number="925"/>
                  <line hits="1" number="928"/>
                  <line hits="1" number="929"/>
                  <line hits="1" number="930"/>
                  <line hits="1" number="931"/>
                  <line hits="1" number="932"/>
                  <line hits="1" number="933"/>
                  <line hits="1" number="934"/>
                  <line hits="1" number="937"/>
                  <line hits="1" number="948"/>
                  <line hits="1" number="951"/>
                  <line hits="1" number="954"/>
                  <line hits="1" number="956"/>
                  <line hits="0" number="957"/>
                  <line hits="1" number="965"/>
               </lines>
            </class>
         </classes>
      </package>
   </packages>
</coverage>