<?xml version="1.0" encoding="UTF-8" standalone="no" ?>
<coverage branch-rate="NaN" branches-covered="NaN" branches-valid="NaN" complexity="NaN" line-rate="0.98499" lines-covered="525" lines-valid="533" timestamp="1657479824.515" version="">
  <sources>
    <source>D:\GitHub\Parking_Meter\MATLAB\Component\</source>
  </sources>
  <packages>
    <package branch-rate="NaN" complexity="NaN" line-rate="0.98499" name="">
      <classes>
        <class branch-rate="NaN" complexity="NaN" filename="ParkingMeterGUI.mlapp" line-rate="0.98499" name="ParkingMeterGUI">
          <methods>
            <method branch-rate="NaN" line-rate="0.98374" name="TimerMain" signature="TimerMain(app)">
              <lines>
                <line hits="5997" number="115"/>
                <line hits="5997" number="117"/>
                <line hits="5997" number="118"/>
                <line hits="5997" number="119"/>
                <line hits="5997" number="120"/>
                <line hits="5997" number="121"/>
                <line hits="5997" number="122"/>
                <line hits="5997" number="125"/>
                <line hits="5997" number="126"/>
                <line hits="5997" number="127"/>
                <line hits="55" number="129"/>
                <line hits="55" number="130"/>
                <line hits="55" number="132"/>
                <line hits="55" number="133"/>
                <line hits="55" number="135"/>
                <line hits="5997" number="139"/>
                <line hits="28" number="140"/>
                <line hits="28" number="141"/>
                <line hits="28" number="142"/>
                <line hits="5997" number="145"/>
                <line hits="50" number="146"/>
                <line hits="50" number="147"/>
                <line hits="50" number="148"/>
                <line hits="5997" number="151"/>
                <line hits="36" number="152"/>
                <line hits="36" number="153"/>
                <line hits="36" number="154"/>
                <line hits="5997" number="157"/>
                <line hits="98" number="159"/>
                <line hits="97" number="160"/>
                <line hits="0" number="161"/>
                <line hits="1" number="164"/>
                <line hits="98" number="166"/>
                <line hits="98" number="168"/>
                <line hits="1" number="169"/>
                <line hits="1" number="170"/>
                <line hits="97" number="173"/>
                <line hits="98" number="175"/>
                <line hits="98" number="177"/>
                <line hits="26" number="179"/>
                <line hits="117" number="180"/>
                <line hits="117" number="181"/>
                <line hits="26" number="182"/>
                <line hits="26" number="183"/>
                <line hits="26" number="186"/>
                <line hits="26" number="188"/>
                <line hits="5" number="189"/>
                <line hits="5" number="190"/>
                <line hits="26" number="193"/>
                <line hits="6" number="194"/>
                <line hits="6" number="195"/>
                <line hits="26" number="198"/>
                <line hits="10" number="199"/>
                <line hits="10" number="200"/>
                <line hits="26" number="203"/>
                <line hits="5" number="204"/>
                <line hits="5" number="205"/>
                <line hits="26" number="207"/>
                <line hits="26" number="208"/>
                <line hits="26" number="209"/>
                <line hits="26" number="210"/>
                <line hits="26" number="211"/>
                <line hits="26" number="213"/>
                <line hits="98" number="217"/>
                <line hits="79" number="218"/>
                <line hits="79" number="219"/>
                <line hits="79" number="220"/>
                <line hits="79" number="221"/>
                <line hits="79" number="222"/>
                <line hits="79" number="223"/>
                <line hits="79" number="224"/>
                <line hits="19" number="226"/>
                <line hits="19" number="227"/>
                <line hits="19" number="228"/>
                <line hits="19" number="229"/>
                <line hits="19" number="230"/>
                <line hits="19" number="231"/>
                <line hits="19" number="232"/>
                <line hits="98" number="235"/>
                <line hits="98" number="236"/>
                <line hits="9" number="238"/>
                <line hits="9" number="240"/>
                <line hits="9" number="241"/>
                <line hits="9" number="242"/>
                <line hits="9" number="243"/>
                <line hits="9" number="244"/>
                <line hits="9" number="245"/>
                <line hits="9" number="247"/>
                <line hits="117" number="248"/>
                <line hits="117" number="249"/>
                <line hits="117" number="250"/>
                <line hits="117" number="251"/>
                <line hits="98" number="255"/>
                <line hits="3" number="256"/>
                <line hits="3" number="257"/>
                <line hits="3" number="258"/>
                <line hits="1" number="259"/>
                <line hits="1" number="260"/>
                <line hits="1" number="261"/>
                <line hits="1" number="263"/>
                <line hits="98" number="268"/>
                <line hits="98" number="270"/>
                <line hits="98" number="271"/>
                <line hits="98" number="272"/>
                <line hits="98" number="274"/>
                <line hits="5997" number="277"/>
                <line hits="5997" number="279"/>
                <line hits="5997" number="281"/>
                <line hits="5997" number="282"/>
                <line hits="26" number="283"/>
                <line hits="26" number="284"/>
                <line hits="5" number="285"/>
                <line hits="21" number="286"/>
                <line hits="10" number="287"/>
                <line hits="11" number="288"/>
                <line hits="6" number="289"/>
                <line hits="5" number="290"/>
                <line hits="5" number="291"/>
                <line hits="0" number="294"/>
                <line hits="26" number="296"/>
                <line hits="26" number="298"/>
                <line hits="5997" number="303"/>
                <line hits="5997" number="304"/>
              </lines>
            </method>
            <method branch-rate="NaN" line-rate="1" name="StateButtonChange" signature="StateButtonChange(app, bitMask, state)">
              <lines>
                <line hits="20" number="308"/>
                <line hits="19" number="310"/>
                <line hits="1" number="313"/>
                <line hits="20" number="315"/>
                <line hits="20" number="317"/>
                <line hits="20" number="319"/>
              </lines>
            </method>
            <method branch-rate="NaN" line-rate="1" name="InsertCoinEffect" signature="InsertCoinEffect(app, coinId)">
              <lines>
                <line hits="36" number="324"/>
                <line hits="36" number="325"/>
                <line hits="36" number="327"/>
                <line hits="36" number="328"/>
                <line hits="36" number="330"/>
                <line hits="36" number="333"/>
                <line hits="36" number="334"/>
              </lines>
            </method>
            <method branch-rate="NaN" line-rate="1" name="CashBoxReset" signature="CashBoxReset(app)">
              <lines>
                <line hits="9" number="339"/>
                <line hits="9" number="340"/>
                <line hits="9" number="341"/>
                <line hits="9" number="342"/>
                <line hits="9" number="343"/>
                <line hits="9" number="345"/>
                <line hits="9" number="348"/>
                <line hits="9" number="349"/>
                <line hits="9" number="350"/>
              </lines>
            </method>
            <method branch-rate="NaN" line-rate="0.97143" name="DecodeDisplaysRegisters" signature="DecodeDisplaysRegisters(app, registersValues)">
              <lines>
                <line hits="55" number="355"/>
                <line hits="55" number="356"/>
                <line hits="55" number="357"/>
                <line hits="55" number="358"/>
                <line hits="55" number="360"/>
                <line hits="165" number="361"/>
                <line hits="37" number="363"/>
                <line hits="165" number="365"/>
                <line hits="165" number="366"/>
                <line hits="63" number="367"/>
                <line hits="102" number="368"/>
                <line hits="19" number="369"/>
                <line hits="83" number="370"/>
                <line hits="18" number="371"/>
                <line hits="65" number="372"/>
                <line hits="1" number="373"/>
                <line hits="64" number="374"/>
                <line hits="2" number="375"/>
                <line hits="62" number="376"/>
                <line hits="1" number="377"/>
                <line hits="61" number="378"/>
                <line hits="2" number="379"/>
                <line hits="59" number="380"/>
                <line hits="2" number="381"/>
                <line hits="57" number="382"/>
                <line hits="2" number="383"/>
                <line hits="55" number="384"/>
                <line hits="1" number="385"/>
                <line hits="54" number="386"/>
                <line hits="54" number="387"/>
                <line hits="0" number="390"/>
                <line hits="165" number="393"/>
                <line hits="165" number="394"/>
                <line hits="37" number="395"/>
                <line hits="55" number="399"/>
              </lines>
            </method>
            <method branch-rate="NaN" line-rate="1" name="Sleep" signature="Sleep(app)">
              <lines>
                <line hits="523" number="403"/>
              </lines>
            </method>
            <method branch-rate="NaN" line-rate="1" name="CloseRequest" signature="CloseRequest(app)">
              <lines>
                <line hits="8" number="410"/>
              </lines>
            </method>
            <method branch-rate="NaN" line-rate="1" name="StartupFcn" signature="StartupFcn(app)">
              <lines>
                <line hits="8" number="421"/>
                <line hits="8" number="422"/>
                <line hits="8" number="424"/>
                <line hits="8" number="427"/>
                <line hits="8" number="429"/>
                <line hits="8" number="431"/>
                <line hits="8" number="432"/>
                <line hits="8" number="433"/>
                <line hits="8" number="435"/>
                <line hits="8" number="436"/>
                <line hits="8" number="437"/>
                <line hits="8" number="439"/>
                <line hits="8" number="440"/>
                <line hits="8" number="442"/>
                <line hits="8" number="444"/>
                <line hits="8" number="445"/>
                <line hits="8" number="447"/>
              </lines>
            </method>
            <method branch-rate="NaN" line-rate="0.84615" name="ImageCashBoxKeyImageClicked" signature="ImageCashBoxKeyImageClicked(app, event)">
              <lines>
                <line hits="1" number="452"/>
                <line hits="1" number="453"/>
                <line hits="1" number="454"/>
                <line hits="1" number="455"/>
                <line hits="1" number="456"/>
                <line hits="1" number="457"/>
                <line hits="1" number="458"/>
                <line hits="1" number="460"/>
                <line hits="0" number="462"/>
                <line hits="0" number="463"/>
                <line hits="1" number="465"/>
                <line hits="1" number="466"/>
                <line hits="1" number="468"/>
              </lines>
            </method>
            <method branch-rate="NaN" line-rate="1" name="SwitchMasterValueChanged" signature="SwitchMasterValueChanged(app, event)">
              <lines>
                <line hits="9" number="474"/>
                <line hits="1" number="475"/>
                <line hits="8" number="477"/>
              </lines>
            </method>
            <method branch-rate="NaN" line-rate="1" name="ButtonGreenPushed" signature="ButtonGreenPushed(app, event)">
              <lines>
                <line hits="10" number="484"/>
              </lines>
            </method>
            <method branch-rate="NaN" line-rate="1" name="ButtonRedPushed" signature="ButtonRedPushed(app, event)">
              <lines>
                <line hits="1" number="490"/>
              </lines>
            </method>
            <method branch-rate="NaN" line-rate="1" name="ImageCoin_200ImageClicked" signature="ImageCoin_200ImageClicked(app, event)">
              <lines>
                <line hits="6" number="496"/>
              </lines>
            </method>
            <method branch-rate="NaN" line-rate="1" name="ImageCoin_100ImageClicked" signature="ImageCoin_100ImageClicked(app, event)">
              <lines>
                <line hits="5" number="502"/>
              </lines>
            </method>
            <method branch-rate="NaN" line-rate="1" name="ImageCoin_050ImageClicked" signature="ImageCoin_050ImageClicked(app, event)">
              <lines>
                <line hits="3" number="508"/>
              </lines>
            </method>
            <method branch-rate="NaN" line-rate="1" name="ImageCoin_020ImageClicked" signature="ImageCoin_020ImageClicked(app, event)">
              <lines>
                <line hits="6" number="514"/>
              </lines>
            </method>
            <method branch-rate="NaN" line-rate="1" name="ImageCoin_010ImageClicked" signature="ImageCoin_010ImageClicked(app, event)">
              <lines>
                <line hits="16" number="520"/>
              </lines>
            </method>
            <method branch-rate="NaN" line-rate="1" name="ImageTicketClicked" signature="ImageTicketClicked(app, event)">
              <lines>
                <line hits="17" number="526"/>
                <line hits="17" number="527"/>
                <line hits="17" number="528"/>
                <line hits="17" number="529"/>
                <line hits="17" number="530"/>
              </lines>
            </method>
            <method branch-rate="NaN" line-rate="1" name="ImageCoinSlotXImageClicked" signature="ImageCoinSlotXImageClicked(app, event)">
              <lines>
                <line hits="6" number="536"/>
                <line hits="96" number="537"/>
                <line hits="96" number="538"/>
                <line hits="6" number="540"/>
              </lines>
            </method>
            <method branch-rate="NaN" line-rate="0.75" name="ParkingMeterUIFigureCloseRequest" signature="ParkingMeterUIFigureCloseRequest(app, event)">
              <lines>
                <line hits="8" number="545"/>
                <line hits="8" number="547"/>
                <line hits="8" number="548"/>
                <line hits="0" number="549"/>
                <line hits="0" number="550"/>
                <line hits="8" number="553"/>
                <line hits="8" number="554"/>
                <line hits="8" number="555"/>
              </lines>
            </method>
            <method branch-rate="NaN" line-rate="1" name="createComponents" signature="createComponents(app)">
              <lines>
                <line hits="8" number="566"/>
                <line hits="8" number="569"/>
                <line hits="8" number="570"/>
                <line hits="8" number="571"/>
                <line hits="8" number="572"/>
                <line hits="8" number="573"/>
                <line hits="8" number="574"/>
                <line hits="8" number="575"/>
                <line hits="8" number="576"/>
                <line hits="8" number="579"/>
                <line hits="8" number="580"/>
                <line hits="8" number="581"/>
                <line hits="8" number="582"/>
                <line hits="8" number="583"/>
                <line hits="8" number="584"/>
                <line hits="8" number="587"/>
                <line hits="8" number="588"/>
                <line hits="8" number="589"/>
                <line hits="8" number="590"/>
                <line hits="8" number="593"/>
                <line hits="8" number="594"/>
                <line hits="8" number="595"/>
                <line hits="8" number="596"/>
                <line hits="8" number="597"/>
                <line hits="8" number="600"/>
                <line hits="8" number="601"/>
                <line hits="8" number="602"/>
                <line hits="8" number="603"/>
                <line hits="8" number="604"/>
                <line hits="8" number="605"/>
                <line hits="8" number="608"/>
                <line hits="8" number="609"/>
                <line hits="8" number="610"/>
                <line hits="8" number="611"/>
                <line hits="8" number="612"/>
                <line hits="8" number="613"/>
                <line hits="8" number="616"/>
                <line hits="8" number="617"/>
                <line hits="8" number="618"/>
                <line hits="8" number="619"/>
                <line hits="8" number="620"/>
                <line hits="8" number="621"/>
                <line hits="8" number="624"/>
                <line hits="8" number="625"/>
                <line hits="8" number="626"/>
                <line hits="8" number="627"/>
                <line hits="8" number="630"/>
                <line hits="8" number="631"/>
                <line hits="8" number="632"/>
                <line hits="8" number="633"/>
                <line hits="8" number="634"/>
                <line hits="8" number="635"/>
                <line hits="8" number="636"/>
                <line hits="8" number="637"/>
                <line hits="8" number="640"/>
                <line hits="8" number="641"/>
                <line hits="8" number="642"/>
                <line hits="8" number="643"/>
                <line hits="8" number="644"/>
                <line hits="8" number="645"/>
                <line hits="8" number="648"/>
                <line hits="8" number="649"/>
                <line hits="8" number="650"/>
                <line hits="8" number="651"/>
                <line hits="8" number="654"/>
                <line hits="8" number="655"/>
                <line hits="8" number="656"/>
                <line hits="8" number="657"/>
                <line hits="8" number="658"/>
                <line hits="8" number="659"/>
                <line hits="8" number="662"/>
                <line hits="8" number="663"/>
                <line hits="8" number="664"/>
                <line hits="8" number="665"/>
                <line hits="8" number="668"/>
                <line hits="8" number="669"/>
                <line hits="8" number="670"/>
                <line hits="8" number="671"/>
                <line hits="8" number="672"/>
                <line hits="8" number="673"/>
                <line hits="8" number="674"/>
                <line hits="8" number="677"/>
                <line hits="8" number="678"/>
                <line hits="8" number="679"/>
                <line hits="8" number="680"/>
                <line hits="8" number="681"/>
                <line hits="8" number="682"/>
                <line hits="8" number="683"/>
                <line hits="8" number="686"/>
                <line hits="8" number="687"/>
                <line hits="8" number="688"/>
                <line hits="8" number="689"/>
                <line hits="8" number="690"/>
                <line hits="8" number="691"/>
                <line hits="8" number="692"/>
                <line hits="8" number="695"/>
                <line hits="8" number="696"/>
                <line hits="8" number="697"/>
                <line hits="8" number="698"/>
                <line hits="8" number="699"/>
                <line hits="8" number="700"/>
                <line hits="8" number="701"/>
                <line hits="8" number="704"/>
                <line hits="8" number="705"/>
                <line hits="8" number="706"/>
                <line hits="8" number="707"/>
                <line hits="8" number="708"/>
                <line hits="8" number="711"/>
                <line hits="8" number="712"/>
                <line hits="8" number="713"/>
                <line hits="8" number="714"/>
                <line hits="8" number="715"/>
                <line hits="8" number="716"/>
                <line hits="8" number="717"/>
                <line hits="8" number="720"/>
                <line hits="8" number="721"/>
                <line hits="8" number="722"/>
                <line hits="8" number="723"/>
                <line hits="8" number="724"/>
                <line hits="8" number="725"/>
                <line hits="8" number="728"/>
                <line hits="8" number="729"/>
                <line hits="8" number="730"/>
                <line hits="8" number="731"/>
                <line hits="8" number="732"/>
                <line hits="8" number="733"/>
                <line hits="8" number="736"/>
                <line hits="8" number="737"/>
                <line hits="8" number="738"/>
                <line hits="8" number="739"/>
                <line hits="8" number="740"/>
                <line hits="8" number="741"/>
                <line hits="8" number="744"/>
                <line hits="8" number="745"/>
                <line hits="8" number="746"/>
                <line hits="8" number="747"/>
                <line hits="8" number="748"/>
                <line hits="8" number="749"/>
                <line hits="8" number="752"/>
                <line hits="8" number="753"/>
                <line hits="8" number="754"/>
                <line hits="8" number="755"/>
                <line hits="8" number="756"/>
                <line hits="8" number="757"/>
                <line hits="8" number="760"/>
                <line hits="8" number="761"/>
                <line hits="8" number="762"/>
                <line hits="8" number="763"/>
                <line hits="8" number="764"/>
                <line hits="8" number="765"/>
                <line hits="8" number="768"/>
                <line hits="8" number="769"/>
                <line hits="8" number="770"/>
                <line hits="8" number="771"/>
                <line hits="8" number="772"/>
                <line hits="8" number="773"/>
                <line hits="8" number="776"/>
                <line hits="8" number="777"/>
                <line hits="8" number="778"/>
                <line hits="8" number="779"/>
                <line hits="8" number="780"/>
                <line hits="8" number="781"/>
                <line hits="8" number="784"/>
                <line hits="8" number="785"/>
                <line hits="8" number="786"/>
                <line hits="8" number="787"/>
                <line hits="8" number="788"/>
                <line hits="8" number="789"/>
                <line hits="8" number="792"/>
                <line hits="8" number="793"/>
                <line hits="8" number="794"/>
                <line hits="8" number="795"/>
                <line hits="8" number="796"/>
                <line hits="8" number="797"/>
                <line hits="8" number="800"/>
                <line hits="8" number="801"/>
                <line hits="8" number="802"/>
                <line hits="8" number="803"/>
                <line hits="8" number="804"/>
                <line hits="8" number="805"/>
                <line hits="8" number="808"/>
                <line hits="8" number="809"/>
                <line hits="8" number="810"/>
                <line hits="8" number="811"/>
                <line hits="8" number="812"/>
                <line hits="8" number="813"/>
                <line hits="8" number="816"/>
                <line hits="8" number="817"/>
                <line hits="8" number="818"/>
                <line hits="8" number="819"/>
                <line hits="8" number="820"/>
                <line hits="8" number="823"/>
                <line hits="8" number="824"/>
                <line hits="8" number="825"/>
                <line hits="8" number="826"/>
                <line hits="8" number="827"/>
                <line hits="8" number="830"/>
                <line hits="8" number="831"/>
                <line hits="8" number="832"/>
                <line hits="8" number="833"/>
                <line hits="8" number="834"/>
                <line hits="8" number="837"/>
                <line hits="8" number="838"/>
                <line hits="8" number="839"/>
                <line hits="8" number="840"/>
                <line hits="8" number="841"/>
                <line hits="8" number="844"/>
                <line hits="8" number="845"/>
                <line hits="8" number="846"/>
                <line hits="8" number="847"/>
                <line hits="8" number="848"/>
                <line hits="8" number="849"/>
                <line hits="8" number="852"/>
                <line hits="8" number="853"/>
                <line hits="8" number="854"/>
                <line hits="8" number="855"/>
                <line hits="8" number="856"/>
                <line hits="8" number="857"/>
                <line hits="8" number="858"/>
                <line hits="8" number="861"/>
                <line hits="8" number="862"/>
                <line hits="8" number="863"/>
                <line hits="8" number="864"/>
                <line hits="8" number="865"/>
                <line hits="8" number="866"/>
                <line hits="8" number="867"/>
                <line hits="8" number="868"/>
                <line hits="8" number="871"/>
                <line hits="8" number="872"/>
                <line hits="8" number="873"/>
                <line hits="8" number="874"/>
                <line hits="8" number="875"/>
                <line hits="8" number="876"/>
                <line hits="8" number="877"/>
                <line hits="8" number="878"/>
                <line hits="8" number="881"/>
                <line hits="8" number="882"/>
                <line hits="8" number="883"/>
                <line hits="8" number="884"/>
                <line hits="8" number="885"/>
                <line hits="8" number="886"/>
                <line hits="8" number="887"/>
                <line hits="8" number="888"/>
                <line hits="8" number="891"/>
                <line hits="8" number="892"/>
                <line hits="8" number="893"/>
                <line hits="8" number="894"/>
                <line hits="8" number="895"/>
                <line hits="8" number="896"/>
                <line hits="8" number="897"/>
                <line hits="8" number="898"/>
                <line hits="8" number="901"/>
                <line hits="8" number="902"/>
                <line hits="8" number="903"/>
                <line hits="8" number="904"/>
                <line hits="8" number="905"/>
                <line hits="8" number="906"/>
                <line hits="8" number="907"/>
                <line hits="8" number="908"/>
                <line hits="8" number="911"/>
                <line hits="8" number="912"/>
                <line hits="8" number="913"/>
                <line hits="8" number="914"/>
                <line hits="8" number="915"/>
                <line hits="8" number="918"/>
                <line hits="8" number="919"/>
                <line hits="8" number="920"/>
                <line hits="8" number="921"/>
                <line hits="8" number="922"/>
                <line hits="8" number="923"/>
                <line hits="8" number="924"/>
                <line hits="8" number="927"/>
                <line hits="8" number="928"/>
                <line hits="8" number="929"/>
                <line hits="8" number="930"/>
                <line hits="8" number="931"/>
                <line hits="8" number="932"/>
                <line hits="8" number="933"/>
                <line hits="8" number="934"/>
                <line hits="8" number="935"/>
                <line hits="8" number="938"/>
                <line hits="8" number="939"/>
                <line hits="8" number="940"/>
                <line hits="8" number="941"/>
                <line hits="8" number="942"/>
                <line hits="8" number="943"/>
                <line hits="8" number="944"/>
                <line hits="8" number="947"/>
              </lines>
            </method>
            <method branch-rate="NaN" line-rate="0.8" name="ParkingMeterGUI" signature="app = ParkingMeterGUI()">
              <lines>
                <line hits="8" number="958"/>
                <line hits="8" number="961"/>
                <line hits="8" number="964"/>
                <line hits="8" number="966"/>
                <line hits="0" number="967"/>
              </lines>
            </method>
            <method branch-rate="NaN" line-rate="1" name="delete" signature="delete(app)">
              <lines>
                <line hits="8" number="975"/>
              </lines>
            </method>
          </methods>
          <lines>
            <line hits="5997" number="115"/>
            <line hits="5997" number="117"/>
            <line hits="5997" number="118"/>
            <line hits="5997" number="119"/>
            <line hits="5997" number="120"/>
            <line hits="5997" number="121"/>
            <line hits="5997" number="122"/>
            <line hits="5997" number="125"/>
            <line hits="5997" number="126"/>
            <line hits="5997" number="127"/>
            <line hits="55" number="129"/>
            <line hits="55" number="130"/>
            <line hits="55" number="132"/>
            <line hits="55" number="133"/>
            <line hits="55" number="135"/>
            <line hits="5997" number="139"/>
            <line hits="28" number="140"/>
            <line hits="28" number="141"/>
            <line hits="28" number="142"/>
            <line hits="5997" number="145"/>
            <line hits="50" number="146"/>
            <line hits="50" number="147"/>
            <line hits="50" number="148"/>
            <line hits="5997" number="151"/>
            <line hits="36" number="152"/>
            <line hits="36" number="153"/>
            <line hits="36" number="154"/>
            <line hits="5997" number="157"/>
            <line hits="98" number="159"/>
            <line hits="97" number="160"/>
            <line hits="0" number="161"/>
            <line hits="1" number="164"/>
            <line hits="98" number="166"/>
            <line hits="98" number="168"/>
            <line hits="1" number="169"/>
            <line hits="1" number="170"/>
            <line hits="97" number="173"/>
            <line hits="98" number="175"/>
            <line hits="98" number="177"/>
            <line hits="26" number="179"/>
            <line hits="117" number="180"/>
            <line hits="117" number="181"/>
            <line hits="26" number="182"/>
            <line hits="26" number="183"/>
            <line hits="26" number="186"/>
            <line hits="26" number="188"/>
            <line hits="5" number="189"/>
            <line hits="5" number="190"/>
            <line hits="26" number="193"/>
            <line hits="6" number="194"/>
            <line hits="6" number="195"/>
            <line hits="26" number="198"/>
            <line hits="10" number="199"/>
            <line hits="10" number="200"/>
            <line hits="26" number="203"/>
            <line hits="5" number="204"/>
            <line hits="5" number="205"/>
            <line hits="26" number="207"/>
            <line hits="26" number="208"/>
            <line hits="26" number="209"/>
            <line hits="26" number="210"/>
            <line hits="26" number="211"/>
            <line hits="26" number="213"/>
            <line hits="98" number="217"/>
            <line hits="79" number="218"/>
            <line hits="79" number="219"/>
            <line hits="79" number="220"/>
            <line hits="79" number="221"/>
            <line hits="79" number="222"/>
            <line hits="79" number="223"/>
            <line hits="79" number="224"/>
            <line hits="19" number="226"/>
            <line hits="19" number="227"/>
            <line hits="19" number="228"/>
            <line hits="19" number="229"/>
            <line hits="19" number="230"/>
            <line hits="19" number="231"/>
            <line hits="19" number="232"/>
            <line hits="98" number="235"/>
            <line hits="98" number="236"/>
            <line hits="9" number="238"/>
            <line hits="9" number="240"/>
            <line hits="9" number="241"/>
            <line hits="9" number="242"/>
            <line hits="9" number="243"/>
            <line hits="9" number="244"/>
            <line hits="9" number="245"/>
            <line hits="9" number="247"/>
            <line hits="117" number="248"/>
            <line hits="117" number="249"/>
            <line hits="117" number="250"/>
            <line hits="117" number="251"/>
            <line hits="98" number="255"/>
            <line hits="3" number="256"/>
            <line hits="3" number="257"/>
            <line hits="3" number="258"/>
            <line hits="1" number="259"/>
            <line hits="1" number="260"/>
            <line hits="1" number="261"/>
            <line hits="1" number="263"/>
            <line hits="98" number="268"/>
            <line hits="98" number="270"/>
            <line hits="98" number="271"/>
            <line hits="98" number="272"/>
            <line hits="98" number="274"/>
            <line hits="5997" number="277"/>
            <line hits="5997" number="279"/>
            <line hits="5997" number="281"/>
            <line hits="5997" number="282"/>
            <line hits="26" number="283"/>
            <line hits="26" number="284"/>
            <line hits="5" number="285"/>
            <line hits="21" number="286"/>
            <line hits="10" number="287"/>
            <line hits="11" number="288"/>
            <line hits="6" number="289"/>
            <line hits="5" number="290"/>
            <line hits="5" number="291"/>
            <line hits="0" number="294"/>
            <line hits="26" number="296"/>
            <line hits="26" number="298"/>
            <line hits="5997" number="303"/>
            <line hits="5997" number="304"/>
            <line hits="20" number="308"/>
            <line hits="19" number="310"/>
            <line hits="1" number="313"/>
            <line hits="20" number="315"/>
            <line hits="20" number="317"/>
            <line hits="20" number="319"/>
            <line hits="36" number="324"/>
            <line hits="36" number="325"/>
            <line hits="36" number="327"/>
            <line hits="36" number="328"/>
            <line hits="36" number="330"/>
            <line hits="36" number="333"/>
            <line hits="36" number="334"/>
            <line hits="9" number="339"/>
            <line hits="9" number="340"/>
            <line hits="9" number="341"/>
            <line hits="9" number="342"/>
            <line hits="9" number="343"/>
            <line hits="9" number="345"/>
            <line hits="9" number="348"/>
            <line hits="9" number="349"/>
            <line hits="9" number="350"/>
            <line hits="55" number="355"/>
            <line hits="55" number="356"/>
            <line hits="55" number="357"/>
            <line hits="55" number="358"/>
            <line hits="55" number="360"/>
            <line hits="165" number="361"/>
            <line hits="37" number="363"/>
            <line hits="165" number="365"/>
            <line hits="165" number="366"/>
            <line hits="63" number="367"/>
            <line hits="102" number="368"/>
            <line hits="19" number="369"/>
            <line hits="83" number="370"/>
            <line hits="18" number="371"/>
            <line hits="65" number="372"/>
            <line hits="1" number="373"/>
            <line hits="64" number="374"/>
            <line hits="2" number="375"/>
            <line hits="62" number="376"/>
            <line hits="1" number="377"/>
            <line hits="61" number="378"/>
            <line hits="2" number="379"/>
            <line hits="59" number="380"/>
            <line hits="2" number="381"/>
            <line hits="57" number="382"/>
            <line hits="2" number="383"/>
            <line hits="55" number="384"/>
            <line hits="1" number="385"/>
            <line hits="54" number="386"/>
            <line hits="54" number="387"/>
            <line hits="0" number="390"/>
            <line hits="165" number="393"/>
            <line hits="165" number="394"/>
            <line hits="37" number="395"/>
            <line hits="55" number="399"/>
            <line hits="523" number="403"/>
            <line hits="8" number="410"/>
            <line hits="8" number="421"/>
            <line hits="8" number="422"/>
            <line hits="8" number="424"/>
            <line hits="8" number="427"/>
            <line hits="8" number="429"/>
            <line hits="8" number="431"/>
            <line hits="8" number="432"/>
            <line hits="8" number="433"/>
            <line hits="8" number="435"/>
            <line hits="8" number="436"/>
            <line hits="8" number="437"/>
            <line hits="8" number="439"/>
            <line hits="8" number="440"/>
            <line hits="8" number="442"/>
            <line hits="8" number="444"/>
            <line hits="8" number="445"/>
            <line hits="8" number="447"/>
            <line hits="1" number="452"/>
            <line hits="1" number="453"/>
            <line hits="1" number="454"/>
            <line hits="1" number="455"/>
            <line hits="1" number="456"/>
            <line hits="1" number="457"/>
            <line hits="1" number="458"/>
            <line hits="1" number="460"/>
            <line hits="0" number="462"/>
            <line hits="0" number="463"/>
            <line hits="1" number="465"/>
            <line hits="1" number="466"/>
            <line hits="1" number="468"/>
            <line hits="9" number="474"/>
            <line hits="1" number="475"/>
            <line hits="8" number="477"/>
            <line hits="10" number="484"/>
            <line hits="1" number="490"/>
            <line hits="6" number="496"/>
            <line hits="5" number="502"/>
            <line hits="3" number="508"/>
            <line hits="6" number="514"/>
            <line hits="16" number="520"/>
            <line hits="17" number="526"/>
            <line hits="17" number="527"/>
            <line hits="17" number="528"/>
            <line hits="17" number="529"/>
            <line hits="17" number="530"/>
            <line hits="6" number="536"/>
            <line hits="96" number="537"/>
            <line hits="96" number="538"/>
            <line hits="6" number="540"/>
            <line hits="8" number="545"/>
            <line hits="8" number="547"/>
            <line hits="8" number="548"/>
            <line hits="0" number="549"/>
            <line hits="0" number="550"/>
            <line hits="8" number="553"/>
            <line hits="8" number="554"/>
            <line hits="8" number="555"/>
            <line hits="8" number="566"/>
            <line hits="8" number="569"/>
            <line hits="8" number="570"/>
            <line hits="8" number="571"/>
            <line hits="8" number="572"/>
            <line hits="8" number="573"/>
            <line hits="8" number="574"/>
            <line hits="8" number="575"/>
            <line hits="8" number="576"/>
            <line hits="8" number="579"/>
            <line hits="8" number="580"/>
            <line hits="8" number="581"/>
            <line hits="8" number="582"/>
            <line hits="8" number="583"/>
            <line hits="8" number="584"/>
            <line hits="8" number="587"/>
            <line hits="8" number="588"/>
            <line hits="8" number="589"/>
            <line hits="8" number="590"/>
            <line hits="8" number="593"/>
            <line hits="8" number="594"/>
            <line hits="8" number="595"/>
            <line hits="8" number="596"/>
            <line hits="8" number="597"/>
            <line hits="8" number="600"/>
            <line hits="8" number="601"/>
            <line hits="8" number="602"/>
            <line hits="8" number="603"/>
            <line hits="8" number="604"/>
            <line hits="8" number="605"/>
            <line hits="8" number="608"/>
            <line hits="8" number="609"/>
            <line hits="8" number="610"/>
            <line hits="8" number="611"/>
            <line hits="8" number="612"/>
            <line hits="8" number="613"/>
            <line hits="8" number="616"/>
            <line hits="8" number="617"/>
            <line hits="8" number="618"/>
            <line hits="8" number="619"/>
            <line hits="8" number="620"/>
            <line hits="8" number="621"/>
            <line hits="8" number="624"/>
            <line hits="8" number="625"/>
            <line hits="8" number="626"/>
            <line hits="8" number="627"/>
            <line hits="8" number="630"/>
            <line hits="8" number="631"/>
            <line hits="8" number="632"/>
            <line hits="8" number="633"/>
            <line hits="8" number="634"/>
            <line hits="8" number="635"/>
            <line hits="8" number="636"/>
            <line hits="8" number="637"/>
            <line hits="8" number="640"/>
            <line hits="8" number="641"/>
            <line hits="8" number="642"/>
            <line hits="8" number="643"/>
            <line hits="8" number="644"/>
            <line hits="8" number="645"/>
            <line hits="8" number="648"/>
            <line hits="8" number="649"/>
            <line hits="8" number="650"/>
            <line hits="8" number="651"/>
            <line hits="8" number="654"/>
            <line hits="8" number="655"/>
            <line hits="8" number="656"/>
            <line hits="8" number="657"/>
            <line hits="8" number="658"/>
            <line hits="8" number="659"/>
            <line hits="8" number="662"/>
            <line hits="8" number="663"/>
            <line hits="8" number="664"/>
            <line hits="8" number="665"/>
            <line hits="8" number="668"/>
            <line hits="8" number="669"/>
            <line hits="8" number="670"/>
            <line hits="8" number="671"/>
            <line hits="8" number="672"/>
            <line hits="8" number="673"/>
            <line hits="8" number="674"/>
            <line hits="8" number="677"/>
            <line hits="8" number="678"/>
            <line hits="8" number="679"/>
            <line hits="8" number="680"/>
            <line hits="8" number="681"/>
            <line hits="8" number="682"/>
            <line hits="8" number="683"/>
            <line hits="8" number="686"/>
            <line hits="8" number="687"/>
            <line hits="8" number="688"/>
            <line hits="8" number="689"/>
            <line hits="8" number="690"/>
            <line hits="8" number="691"/>
            <line hits="8" number="692"/>
            <line hits="8" number="695"/>
            <line hits="8" number="696"/>
            <line hits="8" number="697"/>
            <line hits="8" number="698"/>
            <line hits="8" number="699"/>
            <line hits="8" number="700"/>
            <line hits="8" number="701"/>
            <line hits="8" number="704"/>
            <line hits="8" number="705"/>
            <line hits="8" number="706"/>
            <line hits="8" number="707"/>
            <line hits="8" number="708"/>
            <line hits="8" number="711"/>
            <line hits="8" number="712"/>
            <line hits="8" number="713"/>
            <line hits="8" number="714"/>
            <line hits="8" number="715"/>
            <line hits="8" number="716"/>
            <line hits="8" number="717"/>
            <line hits="8" number="720"/>
            <line hits="8" number="721"/>
            <line hits="8" number="722"/>
            <line hits="8" number="723"/>
            <line hits="8" number="724"/>
            <line hits="8" number="725"/>
            <line hits="8" number="728"/>
            <line hits="8" number="729"/>
            <line hits="8" number="730"/>
            <line hits="8" number="731"/>
            <line hits="8" number="732"/>
            <line hits="8" number="733"/>
            <line hits="8" number="736"/>
            <line hits="8" number="737"/>
            <line hits="8" number="738"/>
            <line hits="8" number="739"/>
            <line hits="8" number="740"/>
            <line hits="8" number="741"/>
            <line hits="8" number="744"/>
            <line hits="8" number="745"/>
            <line hits="8" number="746"/>
            <line hits="8" number="747"/>
            <line hits="8" number="748"/>
            <line hits="8" number="749"/>
            <line hits="8" number="752"/>
            <line hits="8" number="753"/>
            <line hits="8" number="754"/>
            <line hits="8" number="755"/>
            <line hits="8" number="756"/>
            <line hits="8" number="757"/>
            <line hits="8" number="760"/>
            <line hits="8" number="761"/>
            <line hits="8" number="762"/>
            <line hits="8" number="763"/>
            <line hits="8" number="764"/>
            <line hits="8" number="765"/>
            <line hits="8" number="768"/>
            <line hits="8" number="769"/>
            <line hits="8" number="770"/>
            <line hits="8" number="771"/>
            <line hits="8" number="772"/>
            <line hits="8" number="773"/>
            <line hits="8" number="776"/>
            <line hits="8" number="777"/>
            <line hits="8" number="778"/>
            <line hits="8" number="779"/>
            <line hits="8" number="780"/>
            <line hits="8" number="781"/>
            <line hits="8" number="784"/>
            <line hits="8" number="785"/>
            <line hits="8" number="786"/>
            <line hits="8" number="787"/>
            <line hits="8" number="788"/>
            <line hits="8" number="789"/>
            <line hits="8" number="792"/>
            <line hits="8" number="793"/>
            <line hits="8" number="794"/>
            <line hits="8" number="795"/>
            <line hits="8" number="796"/>
            <line hits="8" number="797"/>
            <line hits="8" number="800"/>
            <line hits="8" number="801"/>
            <line hits="8" number="802"/>
            <line hits="8" number="803"/>
            <line hits="8" number="804"/>
            <line hits="8" number="805"/>
            <line hits="8" number="808"/>
            <line hits="8" number="809"/>
            <line hits="8" number="810"/>
            <line hits="8" number="811"/>
            <line hits="8" number="812"/>
            <line hits="8" number="813"/>
            <line hits="8" number="816"/>
            <line hits="8" number="817"/>
            <line hits="8" number="818"/>
            <line hits="8" number="819"/>
            <line hits="8" number="820"/>
            <line hits="8" number="823"/>
            <line hits="8" number="824"/>
            <line hits="8" number="825"/>
            <line hits="8" number="826"/>
            <line hits="8" number="827"/>
            <line hits="8" number="830"/>
            <line hits="8" number="831"/>
            <line hits="8" number="832"/>
            <line hits="8" number="833"/>
            <line hits="8" number="834"/>
            <line hits="8" number="837"/>
            <line hits="8" number="838"/>
            <line hits="8" number="839"/>
            <line hits="8" number="840"/>
            <line hits="8" number="841"/>
            <line hits="8" number="844"/>
            <line hits="8" number="845"/>
            <line hits="8" number="846"/>
            <line hits="8" number="847"/>
            <line hits="8" number="848"/>
            <line hits="8" number="849"/>
            <line hits="8" number="852"/>
            <line hits="8" number="853"/>
            <line hits="8" number="854"/>
            <line hits="8" number="855"/>
            <line hits="8" number="856"/>
            <line hits="8" number="857"/>
            <line hits="8" number="858"/>
            <line hits="8" number="861"/>
            <line hits="8" number="862"/>
            <line hits="8" number="863"/>
            <line hits="8" number="864"/>
            <line hits="8" number="865"/>
            <line hits="8" number="866"/>
            <line hits="8" number="867"/>
            <line hits="8" number="868"/>
            <line hits="8" number="871"/>
            <line hits="8" number="872"/>
            <line hits="8" number="873"/>
            <line hits="8" number="874"/>
            <line hits="8" number="875"/>
            <line hits="8" number="876"/>
            <line hits="8" number="877"/>
            <line hits="8" number="878"/>
            <line hits="8" number="881"/>
            <line hits="8" number="882"/>
            <line hits="8" number="883"/>
            <line hits="8" number="884"/>
            <line hits="8" number="885"/>
            <line hits="8" number="886"/>
            <line hits="8" number="887"/>
            <line hits="8" number="888"/>
            <line hits="8" number="891"/>
            <line hits="8" number="892"/>
            <line hits="8" number="893"/>
            <line hits="8" number="894"/>
            <line hits="8" number="895"/>
            <line hits="8" number="896"/>
            <line hits="8" number="897"/>
            <line hits="8" number="898"/>
            <line hits="8" number="901"/>
            <line hits="8" number="902"/>
            <line hits="8" number="903"/>
            <line hits="8" number="904"/>
            <line hits="8" number="905"/>
            <line hits="8" number="906"/>
            <line hits="8" number="907"/>
            <line hits="8" number="908"/>
            <line hits="8" number="911"/>
            <line hits="8" number="912"/>
            <line hits="8" number="913"/>
            <line hits="8" number="914"/>
            <line hits="8" number="915"/>
            <line hits="8" number="918"/>
            <line hits="8" number="919"/>
            <line hits="8" number="920"/>
            <line hits="8" number="921"/>
            <line hits="8" number="922"/>
            <line hits="8" number="923"/>
            <line hits="8" number="924"/>
            <line hits="8" number="927"/>
            <line hits="8" number="928"/>
            <line hits="8" number="929"/>
            <line hits="8" number="930"/>
            <line hits="8" number="931"/>
            <line hits="8" number="932"/>
            <line hits="8" number="933"/>
            <line hits="8" number="934"/>
            <line hits="8" number="935"/>
            <line hits="8" number="938"/>
            <line hits="8" number="939"/>
            <line hits="8" number="940"/>
            <line hits="8" number="941"/>
            <line hits="8" number="942"/>
            <line hits="8" number="943"/>
            <line hits="8" number="944"/>
            <line hits="8" number="947"/>
            <line hits="8" number="958"/>
            <line hits="8" number="961"/>
            <line hits="8" number="964"/>
            <line hits="8" number="966"/>
            <line hits="0" number="967"/>
            <line hits="8" number="975"/>
          </lines>
        </class>
      </classes>
    </package>
  </packages>
</coverage>
