<?xml version="1.0" encoding="UTF-8" standalone="no" ?>
<testsuites>

  <testsuite errors="0" failures="2" name="TestApp" skipped="0" tests="4" time="172.5593">
    <testcase classname="TestApp" name="testCase_1_StraightTicketPurchase" time="25.8434"/>
    <testcase classname="TestApp" name="testCase_2_CancelTicketPurchase" time="22.0505"/>
    <testcase classname="TestApp" name="testCase_3_BiggestChangeOnTicketPurchase" time="31.8168">
      <failure type="VerificationFailure">Verification failed in TestApp/testCase_3_BiggestChangeOnTicketPurchase.
    ---------------------
    Framework Diagnostic:
    ---------------------
    verifyEqual failed.
    --&gt; Sizes do not match.
        
        Actual size:
             9     2
        Expected size:
            10     2
    
    Actual Value:
      9×2 cell array
    
        {'DISP'}    {'COIN'}
        {'---' }    {' '   }
        {'1.20'}    {' '   }
        {'0.20'}    {' '   }
        {'0.10'}    {' '   }
        {' '   }    {'0.50'}
        {' '   }    {'0.20'}
        {' '   }    {'0.20'}
        {'---' }    {' '   }
    Expected Value:
      10×2 cell array
    
        {'DISP'}    {'COIN'}
        {'---' }    {' '   }
        {'1.20'}    {' '   }
        {'0.20'}    {' '   }
        {'0.10'}    {' '   }
        {' '   }    {'1.00'}
        {' '   }    {'0.50'}
        {' '   }    {'0.20'}
        {' '   }    {'0.20'}
        {'---' }    {' '   }
    ------------------
    Stack Information:
    ------------------
    In D:\GitHub\C_Code_Integration\MATLAB\Component\UnitTesting\TestApp.m (TestApp.outputsVerification) at 64
    In D:\GitHub\C_Code_Integration\MATLAB\Component\UnitTesting\TestApp.m (TestApp.testCase_3_BiggestChangeOnTicketPurchase) at 155</failure>
    </testcase>
    <testcase classname="TestApp" name="testCase_4_FullyEmptyAndReloadCashBox" time="92.8486">
      <failure type="VerificationFailure">Verification failed in TestApp/testCase_4_FullyEmptyAndReloadCashBox.
    ---------------------
    Framework Diagnostic:
    ---------------------
    verifyEqual failed.
    --&gt; Sizes do not match.
        
        Actual size:
            30     2
        Expected size:
            31     2
    
    Actual Value:
      30×2 cell array
    
        {'DISP'}    {'COIN'}
        {'---' }    {' '   }
        {'1.20'}    {' '   }
        {'0.20'}    {' '   }
        {'0.10'}    {' '   }
        {' '   }    {'0.50'}
        {' '   }    {'0.20'}
        {' '   }    {'0.20'}
        {'---' }    {' '   }
        {'1.20'}    {' '   }
        {'0.20'}    {' '   }
        {'0.10'}    {' '   }
        {' '   }    {'1.00'}
        {' '   }    {'0.50'}
        {' '   }    {'0.20'}
        {' '   }    {'0.20'}
        {'---' }    {' '   }
        {'1.20'}    {' '   }
        {'0.20'}    {' '   }
        {'0.10'}    {' '   }
        {' '   }    {'1.00'}
        {' '   }    {'0.50'}
        {' '   }    {'0.20'}
        {'---' }    {' '   }
        {' '   }    {' '   }
        {'1.20'}    {' '   }
        {' '   }    {'0.50'}
        {' '   }    {'0.20'}
        {' '   }    {'0.10'}
        {'---' }    {' '   }
    Expected Value:
      31×2 cell array
    
        {'DISP'}    {'COIN'}
        {'---' }    {' '   }
        {'1.20'}    {' '   }
        {'0.20'}    {' '   }
        {'0.10'}    {' '   }
        {' '   }    {'1.00'}
        {' '   }    {'0.50'}
        {' '   }    {'0.20'}
        {' '   }    {'0.20'}
        {'---' }    {' '   }
        {'1.20'}    {' '   }
        {'0.20'}    {' '   }
        {'0.10'}    {' '   }
        {' '   }    {'1.00'}
        {' '   }    {'0.50'}
        {' '   }    {'0.20'}
        {' '   }    {'0.20'}
        {'---' }    {' '   }
        {'1.20'}    {' '   }
        {'0.20'}    {' '   }
        {'0.10'}    {' '   }
        {' '   }    {'1.00'}
        {' '   }    {'0.50'}
        {' '   }    {'0.20'}
        {'---' }    {' '   }
        {' '   }    {' '   }
        {'1.20'}    {' '   }
        {' '   }    {'0.50'}
        {' '   }    {'0.20'}
        {' '   }    {'0.10'}
        {'---' }    {' '   }
    ------------------
    Stack Information:
    ------------------
    In D:\GitHub\C_Code_Integration\MATLAB\Component\UnitTesting\TestApp.m (TestApp.outputsVerification) at 64
    In D:\GitHub\C_Code_Integration\MATLAB\Component\UnitTesting\TestApp.m (TestApp.testCase_4_FullyEmptyAndReloadCashBox) at 211</failure>
    </testcase>
  </testsuite>

</testsuites>
